<?xml version="1.0" encoding="UTF-8"?>
<testsuite xmlns:xsi="http://www.w3.org/2001/XMLSchema-instance" xsi:noNamespaceSchemaLocation="https://maven.apache.org/surefire/maven-surefire-plugin/xsd/surefire-test-report.xsd" name="com.woniuxy.canteen.OrderTest" time="6.607" tests="2" errors="0" skipped="0" failures="0">
  <properties>
    <property name="sun.desktop" value="windows"/>
    <property name="awt.toolkit" value="sun.awt.windows.WToolkit"/>
    <property name="file.encoding.pkg" value="sun.io"/>
    <property name="java.specification.version" value="1.8"/>
    <property name="sun.cpu.isalist" value="amd64"/>
    <property name="sun.jnu.encoding" value="GBK"/>
    <property name="java.class.path" value="D:\Java\JavaDemozAQ\canteen\target\test-classes;D:\Java\JavaDemozAQ\canteen\target\classes;D:\localrepo\org\springframework\boot\spring-boot-starter-web\2.7.10\spring-boot-starter-web-2.7.10.jar;D:\localrepo\org\springframework\boot\spring-boot-starter\2.7.10\spring-boot-starter-2.7.10.jar;D:\localrepo\org\springframework\boot\spring-boot-starter-logging\2.7.10\spring-boot-starter-logging-2.7.10.jar;D:\localrepo\ch\qos\logback\logback-classic\1.2.11\logback-classic-1.2.11.jar;D:\localrepo\ch\qos\logback\logback-core\1.2.11\logback-core-1.2.11.jar;D:\localrepo\org\apache\logging\log4j\log4j-to-slf4j\2.17.2\log4j-to-slf4j-2.17.2.jar;D:\localrepo\org\apache\logging\log4j\log4j-api\2.17.2\log4j-api-2.17.2.jar;D:\localrepo\org\slf4j\jul-to-slf4j\1.7.36\jul-to-slf4j-1.7.36.jar;D:\localrepo\jakarta\annotation\jakarta.annotation-api\1.3.5\jakarta.annotation-api-1.3.5.jar;D:\localrepo\org\yaml\snakeyaml\1.30\snakeyaml-1.30.jar;D:\localrepo\org\springframework\boot\spring-boot-starter-json\2.7.10\spring-boot-starter-json-2.7.10.jar;D:\localrepo\com\fasterxml\jackson\core\jackson-databind\2.13.5\jackson-databind-2.13.5.jar;D:\localrepo\com\fasterxml\jackson\core\jackson-annotations\2.13.5\jackson-annotations-2.13.5.jar;D:\localrepo\com\fasterxml\jackson\core\jackson-core\2.13.5\jackson-core-2.13.5.jar;D:\localrepo\com\fasterxml\jackson\datatype\jackson-datatype-jdk8\2.13.5\jackson-datatype-jdk8-2.13.5.jar;D:\localrepo\com\fasterxml\jackson\datatype\jackson-datatype-jsr310\2.13.5\jackson-datatype-jsr310-2.13.5.jar;D:\localrepo\com\fasterxml\jackson\module\jackson-module-parameter-names\2.13.5\jackson-module-parameter-names-2.13.5.jar;D:\localrepo\org\springframework\boot\spring-boot-starter-tomcat\2.7.10\spring-boot-starter-tomcat-2.7.10.jar;D:\localrepo\org\apache\tomcat\embed\tomcat-embed-core\9.0.73\tomcat-embed-core-9.0.73.jar;D:\localrepo\org\apache\tomcat\embed\tomcat-embed-el\9.0.73\tomcat-embed-el-9.0.73.jar;D:\localrepo\org\apache\tomcat\embed\tomcat-embed-websocket\9.0.73\tomcat-embed-websocket-9.0.73.jar;D:\localrepo\org\springframework\spring-web\5.3.26\spring-web-5.3.26.jar;D:\localrepo\org\springframework\spring-beans\5.3.26\spring-beans-5.3.26.jar;D:\localrepo\org\springframework\spring-webmvc\5.3.26\spring-webmvc-5.3.26.jar;D:\localrepo\org\springframework\spring-aop\5.3.26\spring-aop-5.3.26.jar;D:\localrepo\org\springframework\spring-context\5.3.26\spring-context-5.3.26.jar;D:\localrepo\org\springframework\spring-expression\5.3.26\spring-expression-5.3.26.jar;D:\localrepo\org\springframework\boot\spring-boot-devtools\2.7.10\spring-boot-devtools-2.7.10.jar;D:\localrepo\org\springframework\boot\spring-boot\2.7.10\spring-boot-2.7.10.jar;D:\localrepo\org\springframework\boot\spring-boot-autoconfigure\2.7.10\spring-boot-autoconfigure-2.7.10.jar;D:\localrepo\org\projectlombok\lombok\1.18.26\lombok-1.18.26.jar;D:\localrepo\org\springframework\boot\spring-boot-starter-test\2.7.10\spring-boot-starter-test-2.7.10.jar;D:\localrepo\org\springframework\boot\spring-boot-test\2.7.10\spring-boot-test-2.7.10.jar;D:\localrepo\org\springframework\boot\spring-boot-test-autoconfigure\2.7.10\spring-boot-test-autoconfigure-2.7.10.jar;D:\localrepo\com\jayway\jsonpath\json-path\2.7.0\json-path-2.7.0.jar;D:\localrepo\net\minidev\json-smart\2.4.10\json-smart-2.4.10.jar;D:\localrepo\net\minidev\accessors-smart\2.4.9\accessors-smart-2.4.9.jar;D:\localrepo\org\ow2\asm\asm\9.3\asm-9.3.jar;D:\localrepo\jakarta\xml\bind\jakarta.xml.bind-api\2.3.3\jakarta.xml.bind-api-2.3.3.jar;D:\localrepo\jakarta\activation\jakarta.activation-api\1.2.2\jakarta.activation-api-1.2.2.jar;D:\localrepo\org\assertj\assertj-core\3.22.0\assertj-core-3.22.0.jar;D:\localrepo\org\hamcrest\hamcrest\2.2\hamcrest-2.2.jar;D:\localrepo\org\junit\jupiter\junit-jupiter\5.8.2\junit-jupiter-5.8.2.jar;D:\localrepo\org\junit\jupiter\junit-jupiter-api\5.8.2\junit-jupiter-api-5.8.2.jar;D:\localrepo\org\opentest4j\opentest4j\1.2.0\opentest4j-1.2.0.jar;D:\localrepo\org\junit\platform\junit-platform-commons\1.8.2\junit-platform-commons-1.8.2.jar;D:\localrepo\org\apiguardian\apiguardian-api\1.1.2\apiguardian-api-1.1.2.jar;D:\localrepo\org\junit\jupiter\junit-jupiter-params\5.8.2\junit-jupiter-params-5.8.2.jar;D:\localrepo\org\junit\jupiter\junit-jupiter-engine\5.8.2\junit-jupiter-engine-5.8.2.jar;D:\localrepo\org\junit\platform\junit-platform-engine\1.8.2\junit-platform-engine-1.8.2.jar;D:\localrepo\org\mockito\mockito-core\4.5.1\mockito-core-4.5.1.jar;D:\localrepo\net\bytebuddy\byte-buddy\1.12.23\byte-buddy-1.12.23.jar;D:\localrepo\net\bytebuddy\byte-buddy-agent\1.12.23\byte-buddy-agent-1.12.23.jar;D:\localrepo\org\objenesis\objenesis\3.2\objenesis-3.2.jar;D:\localrepo\org\mockito\mockito-junit-jupiter\4.5.1\mockito-junit-jupiter-4.5.1.jar;D:\localrepo\org\skyscreamer\jsonassert\1.5.1\jsonassert-1.5.1.jar;D:\localrepo\com\vaadin\external\google\android-json\0.0.20131108.vaadin1\android-json-0.0.20131108.vaadin1.jar;D:\localrepo\org\springframework\spring-core\5.3.26\spring-core-5.3.26.jar;D:\localrepo\org\springframework\spring-jcl\5.3.26\spring-jcl-5.3.26.jar;D:\localrepo\org\springframework\spring-test\5.3.26\spring-test-5.3.26.jar;D:\localrepo\org\xmlunit\xmlunit-core\2.9.1\xmlunit-core-2.9.1.jar;D:\localrepo\org\mybatis\spring\boot\mybatis-spring-boot-starter\2.3.0\mybatis-spring-boot-starter-2.3.0.jar;D:\localrepo\org\springframework\boot\spring-boot-starter-jdbc\2.7.10\spring-boot-starter-jdbc-2.7.10.jar;D:\localrepo\org\springframework\spring-jdbc\5.3.26\spring-jdbc-5.3.26.jar;D:\localrepo\org\springframework\spring-tx\5.3.26\spring-tx-5.3.26.jar;D:\localrepo\org\mybatis\spring\boot\mybatis-spring-boot-autoconfigure\2.3.0\mybatis-spring-boot-autoconfigure-2.3.0.jar;D:\localrepo\org\mybatis\mybatis-spring\2.1.0\mybatis-spring-2.1.0.jar;D:\localrepo\org\mybatis\mybatis\3.5.13\mybatis-3.5.13.jar;D:\localrepo\com\github\pagehelper\pagehelper\5.3.2\pagehelper-5.3.2.jar;D:\localrepo\com\github\jsqlparser\jsqlparser\4.5\jsqlparser-4.5.jar;D:\localrepo\com\mysql\mysql-connector-j\8.0.31\mysql-connector-j-8.0.31.jar;D:\localrepo\com\github\pagehelper\pagehelper-spring-boot-starter\1.4.6\pagehelper-spring-boot-starter-1.4.6.jar;D:\localrepo\com\github\pagehelper\pagehelper-spring-boot-autoconfigure\1.4.6\pagehelper-spring-boot-autoconfigure-1.4.6.jar;D:\localrepo\org\hibernate\validator\hibernate-validator\6.2.5.Final\hibernate-validator-6.2.5.Final.jar;D:\localrepo\jakarta\validation\jakarta.validation-api\2.0.2\jakarta.validation-api-2.0.2.jar;D:\localrepo\org\jboss\logging\jboss-logging\3.4.3.Final\jboss-logging-3.4.3.Final.jar;D:\localrepo\com\fasterxml\classmate\1.5.1\classmate-1.5.1.jar;D:\localrepo\org\glassfish\jakarta.el\3.0.3\jakarta.el-3.0.3.jar;D:\localrepo\junit\junit\4.13.2\junit-4.13.2.jar;D:\localrepo\org\hamcrest\hamcrest-core\2.2\hamcrest-core-2.2.jar;D:\localrepo\com\alibaba\druid-spring-boot-starter\1.2.6\druid-spring-boot-starter-1.2.6.jar;D:\localrepo\com\alibaba\druid\1.2.6\druid-1.2.6.jar;D:\localrepo\org\slf4j\slf4j-api\1.7.36\slf4j-api-1.7.36.jar;"/>
    <property name="java.vm.vendor" value="Oracle Corporation"/>
    <property name="sun.arch.data.model" value="64"/>
    <property name="user.variant" value=""/>
    <property name="java.vendor.url" value="http://java.oracle.com/"/>
    <property name="user.timezone" value="Asia/Shanghai"/>
    <property name="java.vm.specification.version" value="1.8"/>
    <property name="os.name" value="Windows 11"/>
    <property name="user.country" value="CN"/>
    <property name="sun.java.launcher" value="SUN_STANDARD"/>
    <property name="sun.boot.library.path" value="D:\Java\java18\jre\bin"/>
    <property name="sun.java.command" value="C:\Users\44764\AppData\Local\Temp\surefire7384345735761893198\surefirebooter9122625218512891348.jar C:\Users\44764\AppData\Local\Temp\surefire7384345735761893198 2023-04-18T10-54-15_979-jvmRun1 surefire8146703841659641136tmp surefire_01022810020726049133tmp"/>
    <property name="surefire.test.class.path" value="D:\Java\JavaDemozAQ\canteen\target\test-classes;D:\Java\JavaDemozAQ\canteen\target\classes;D:\localrepo\org\springframework\boot\spring-boot-starter-web\2.7.10\spring-boot-starter-web-2.7.10.jar;D:\localrepo\org\springframework\boot\spring-boot-starter\2.7.10\spring-boot-starter-2.7.10.jar;D:\localrepo\org\springframework\boot\spring-boot-starter-logging\2.7.10\spring-boot-starter-logging-2.7.10.jar;D:\localrepo\ch\qos\logback\logback-classic\1.2.11\logback-classic-1.2.11.jar;D:\localrepo\ch\qos\logback\logback-core\1.2.11\logback-core-1.2.11.jar;D:\localrepo\org\apache\logging\log4j\log4j-to-slf4j\2.17.2\log4j-to-slf4j-2.17.2.jar;D:\localrepo\org\apache\logging\log4j\log4j-api\2.17.2\log4j-api-2.17.2.jar;D:\localrepo\org\slf4j\jul-to-slf4j\1.7.36\jul-to-slf4j-1.7.36.jar;D:\localrepo\jakarta\annotation\jakarta.annotation-api\1.3.5\jakarta.annotation-api-1.3.5.jar;D:\localrepo\org\yaml\snakeyaml\1.30\snakeyaml-1.30.jar;D:\localrepo\org\springframework\boot\spring-boot-starter-json\2.7.10\spring-boot-starter-json-2.7.10.jar;D:\localrepo\com\fasterxml\jackson\core\jackson-databind\2.13.5\jackson-databind-2.13.5.jar;D:\localrepo\com\fasterxml\jackson\core\jackson-annotations\2.13.5\jackson-annotations-2.13.5.jar;D:\localrepo\com\fasterxml\jackson\core\jackson-core\2.13.5\jackson-core-2.13.5.jar;D:\localrepo\com\fasterxml\jackson\datatype\jackson-datatype-jdk8\2.13.5\jackson-datatype-jdk8-2.13.5.jar;D:\localrepo\com\fasterxml\jackson\datatype\jackson-datatype-jsr310\2.13.5\jackson-datatype-jsr310-2.13.5.jar;D:\localrepo\com\fasterxml\jackson\module\jackson-module-parameter-names\2.13.5\jackson-module-parameter-names-2.13.5.jar;D:\localrepo\org\springframework\boot\spring-boot-starter-tomcat\2.7.10\spring-boot-starter-tomcat-2.7.10.jar;D:\localrepo\org\apache\tomcat\embed\tomcat-embed-core\9.0.73\tomcat-embed-core-9.0.73.jar;D:\localrepo\org\apache\tomcat\embed\tomcat-embed-el\9.0.73\tomcat-embed-el-9.0.73.jar;D:\localrepo\org\apache\tomcat\embed\tomcat-embed-websocket\9.0.73\tomcat-embed-websocket-9.0.73.jar;D:\localrepo\org\springframework\spring-web\5.3.26\spring-web-5.3.26.jar;D:\localrepo\org\springframework\spring-beans\5.3.26\spring-beans-5.3.26.jar;D:\localrepo\org\springframework\spring-webmvc\5.3.26\spring-webmvc-5.3.26.jar;D:\localrepo\org\springframework\spring-aop\5.3.26\spring-aop-5.3.26.jar;D:\localrepo\org\springframework\spring-context\5.3.26\spring-context-5.3.26.jar;D:\localrepo\org\springframework\spring-expression\5.3.26\spring-expression-5.3.26.jar;D:\localrepo\org\springframework\boot\spring-boot-devtools\2.7.10\spring-boot-devtools-2.7.10.jar;D:\localrepo\org\springframework\boot\spring-boot\2.7.10\spring-boot-2.7.10.jar;D:\localrepo\org\springframework\boot\spring-boot-autoconfigure\2.7.10\spring-boot-autoconfigure-2.7.10.jar;D:\localrepo\org\projectlombok\lombok\1.18.26\lombok-1.18.26.jar;D:\localrepo\org\springframework\boot\spring-boot-starter-test\2.7.10\spring-boot-starter-test-2.7.10.jar;D:\localrepo\org\springframework\boot\spring-boot-test\2.7.10\spring-boot-test-2.7.10.jar;D:\localrepo\org\springframework\boot\spring-boot-test-autoconfigure\2.7.10\spring-boot-test-autoconfigure-2.7.10.jar;D:\localrepo\com\jayway\jsonpath\json-path\2.7.0\json-path-2.7.0.jar;D:\localrepo\net\minidev\json-smart\2.4.10\json-smart-2.4.10.jar;D:\localrepo\net\minidev\accessors-smart\2.4.9\accessors-smart-2.4.9.jar;D:\localrepo\org\ow2\asm\asm\9.3\asm-9.3.jar;D:\localrepo\jakarta\xml\bind\jakarta.xml.bind-api\2.3.3\jakarta.xml.bind-api-2.3.3.jar;D:\localrepo\jakarta\activation\jakarta.activation-api\1.2.2\jakarta.activation-api-1.2.2.jar;D:\localrepo\org\assertj\assertj-core\3.22.0\assertj-core-3.22.0.jar;D:\localrepo\org\hamcrest\hamcrest\2.2\hamcrest-2.2.jar;D:\localrepo\org\junit\jupiter\junit-jupiter\5.8.2\junit-jupiter-5.8.2.jar;D:\localrepo\org\junit\jupiter\junit-jupiter-api\5.8.2\junit-jupiter-api-5.8.2.jar;D:\localrepo\org\opentest4j\opentest4j\1.2.0\opentest4j-1.2.0.jar;D:\localrepo\org\junit\platform\junit-platform-commons\1.8.2\junit-platform-commons-1.8.2.jar;D:\localrepo\org\apiguardian\apiguardian-api\1.1.2\apiguardian-api-1.1.2.jar;D:\localrepo\org\junit\jupiter\junit-jupiter-params\5.8.2\junit-jupiter-params-5.8.2.jar;D:\localrepo\org\junit\jupiter\junit-jupiter-engine\5.8.2\junit-jupiter-engine-5.8.2.jar;D:\localrepo\org\junit\platform\junit-platform-engine\1.8.2\junit-platform-engine-1.8.2.jar;D:\localrepo\org\mockito\mockito-core\4.5.1\mockito-core-4.5.1.jar;D:\localrepo\net\bytebuddy\byte-buddy\1.12.23\byte-buddy-1.12.23.jar;D:\localrepo\net\bytebuddy\byte-buddy-agent\1.12.23\byte-buddy-agent-1.12.23.jar;D:\localrepo\org\objenesis\objenesis\3.2\objenesis-3.2.jar;D:\localrepo\org\mockito\mockito-junit-jupiter\4.5.1\mockito-junit-jupiter-4.5.1.jar;D:\localrepo\org\skyscreamer\jsonassert\1.5.1\jsonassert-1.5.1.jar;D:\localrepo\com\vaadin\external\google\android-json\0.0.20131108.vaadin1\android-json-0.0.20131108.vaadin1.jar;D:\localrepo\org\springframework\spring-core\5.3.26\spring-core-5.3.26.jar;D:\localrepo\org\springframework\spring-jcl\5.3.26\spring-jcl-5.3.26.jar;D:\localrepo\org\springframework\spring-test\5.3.26\spring-test-5.3.26.jar;D:\localrepo\org\xmlunit\xmlunit-core\2.9.1\xmlunit-core-2.9.1.jar;D:\localrepo\org\mybatis\spring\boot\mybatis-spring-boot-starter\2.3.0\mybatis-spring-boot-starter-2.3.0.jar;D:\localrepo\org\springframework\boot\spring-boot-starter-jdbc\2.7.10\spring-boot-starter-jdbc-2.7.10.jar;D:\localrepo\org\springframework\spring-jdbc\5.3.26\spring-jdbc-5.3.26.jar;D:\localrepo\org\springframework\spring-tx\5.3.26\spring-tx-5.3.26.jar;D:\localrepo\org\mybatis\spring\boot\mybatis-spring-boot-autoconfigure\2.3.0\mybatis-spring-boot-autoconfigure-2.3.0.jar;D:\localrepo\org\mybatis\mybatis-spring\2.1.0\mybatis-spring-2.1.0.jar;D:\localrepo\org\mybatis\mybatis\3.5.13\mybatis-3.5.13.jar;D:\localrepo\com\github\pagehelper\pagehelper\5.3.2\pagehelper-5.3.2.jar;D:\localrepo\com\github\jsqlparser\jsqlparser\4.5\jsqlparser-4.5.jar;D:\localrepo\com\mysql\mysql-connector-j\8.0.31\mysql-connector-j-8.0.31.jar;D:\localrepo\com\github\pagehelper\pagehelper-spring-boot-starter\1.4.6\pagehelper-spring-boot-starter-1.4.6.jar;D:\localrepo\com\github\pagehelper\pagehelper-spring-boot-autoconfigure\1.4.6\pagehelper-spring-boot-autoconfigure-1.4.6.jar;D:\localrepo\org\hibernate\validator\hibernate-validator\6.2.5.Final\hibernate-validator-6.2.5.Final.jar;D:\localrepo\jakarta\validation\jakarta.validation-api\2.0.2\jakarta.validation-api-2.0.2.jar;D:\localrepo\org\jboss\logging\jboss-logging\3.4.3.Final\jboss-logging-3.4.3.Final.jar;D:\localrepo\com\fasterxml\classmate\1.5.1\classmate-1.5.1.jar;D:\localrepo\org\glassfish\jakarta.el\3.0.3\jakarta.el-3.0.3.jar;D:\localrepo\junit\junit\4.13.2\junit-4.13.2.jar;D:\localrepo\org\hamcrest\hamcrest-core\2.2\hamcrest-core-2.2.jar;D:\localrepo\com\alibaba\druid-spring-boot-starter\1.2.6\druid-spring-boot-starter-1.2.6.jar;D:\localrepo\com\alibaba\druid\1.2.6\druid-1.2.6.jar;D:\localrepo\org\slf4j\slf4j-api\1.7.36\slf4j-api-1.7.36.jar;"/>
    <property name="sun.cpu.endian" value="little"/>
    <property name="user.home" value="C:\Users\44764"/>
    <property name="user.language" value="zh"/>
    <property name="java.specification.vendor" value="Oracle Corporation"/>
    <property name="java.home" value="D:\Java\java18\jre"/>
    <property name="basedir" value="D:\Java\JavaDemozAQ\canteen"/>
    <property name="file.separator" value="\"/>
    <property name="line.separator" value="&#10;"/>
    <property name="java.vm.specification.vendor" value="Oracle Corporation"/>
    <property name="java.specification.name" value="Java Platform API Specification"/>
    <property name="java.awt.graphicsenv" value="sun.awt.Win32GraphicsEnvironment"/>
    <property name="surefire.real.class.path" value="C:\Users\44764\AppData\Local\Temp\surefire7384345735761893198\surefirebooter9122625218512891348.jar"/>
    <property name="sun.boot.class.path" value="D:\Java\java18\jre\lib\resources.jar;D:\Java\java18\jre\lib\rt.jar;D:\Java\java18\jre\lib\sunrsasign.jar;D:\Java\java18\jre\lib\jsse.jar;D:\Java\java18\jre\lib\jce.jar;D:\Java\java18\jre\lib\charsets.jar;D:\Java\java18\jre\lib\jfr.jar;D:\Java\java18\jre\classes"/>
    <property name="user.script" value=""/>
    <property name="sun.management.compiler" value="HotSpot 64-Bit Tiered Compilers"/>
    <property name="java.runtime.version" value="1.8.0_331-b09"/>
    <property name="user.name" value="altolia"/>
    <property name="path.separator" value=";"/>
    <property name="os.version" value="10.0"/>
    <property name="java.endorsed.dirs" value="D:\Java\java18\jre\lib\endorsed"/>
    <property name="java.runtime.name" value="Java(TM) SE Runtime Environment"/>
    <property name="file.encoding" value="GBK"/>
    <property name="java.vm.name" value="Java HotSpot(TM) 64-Bit Server VM"/>
    <property name="localRepository" value="D:\localrepo"/>
    <property name="java.vendor.url.bug" value="http://bugreport.sun.com/bugreport/"/>
    <property name="java.io.tmpdir" value="C:\Users\44764\AppData\Local\Temp\"/>
    <property name="idea.version" value="2022.1.3"/>
    <property name="java.version" value="1.8.0_331"/>
    <property name="user.dir" value="D:\Java\JavaDemozAQ\canteen"/>
    <property name="os.arch" value="amd64"/>
    <property name="java.vm.specification.name" value="Java Virtual Machine Specification"/>
    <property name="java.awt.printerjob" value="sun.awt.windows.WPrinterJob"/>
    <property name="sun.os.patch.level" value=""/>
    <property name="java.library.path" value="D:\Java\java18\jre\bin;C:\WINDOWS\Sun\Java\bin;C:\WINDOWS\system32;C:\WINDOWS;C:\Program Files (x86)\Common Files\Oracle\Java\javapath;C:\Program Files (x86)\Intel\Intel(R) Management Engine Components\iCLS\;C:\Program Files\Intel\Intel(R) Management Engine Components\iCLS\;C:\Windows\system32;C:\Windows;C:\Windows\System32\Wbem;C:\Windows\System32\WindowsPowerShell\v1.0\;C:\Windows\System32\OpenSSH\;C:\Program Files (x86)\Intel\Intel(R) Management Engine Components\DAL;C:\Program Files\Intel\Intel(R) Management Engine Components\DAL;C:\Program Files (x86)\Intel\Intel(R) Management Engine Components\IPT;C:\Program Files\Intel\Intel(R) Management Engine Components\IPT;C:\Program Files (x86)\NVIDIA Corporation\PhysX\Common;C:\WINDOWS\system32;C:\WINDOWS;C:\WINDOWS\System32\Wbem;C:\WINDOWS\System32\WindowsPowerShell\v1.0\;C:\WINDOWS\System32\OpenSSH\;C:\Program Files\NVIDIA Corporation\NVIDIA NvDLISR;D:\Program Files\Microsoft SQL Server\110\DTS\Binn\;D:\Program Files (x86)\Microsoft SQL Server\110\Tools\Binn\;D:\Program Files\Microsoft SQL Server\110\Tools\Binn\;D:\Program Files (x86)\Microsoft SQL Server\110\Tools\Binn\ManagementStudio\;C:\Program Files (x86)\Microsoft Visual Studio 10.0\Common7\IDE\PrivateAssemblies\;D:\Program Files (x86)\Microsoft SQL Server\110\DTS\Binn\;C:\Program Files (x86)\Common Files\Autodesk Shared\;C:\Program Files\Microsoft\Web Platform Installer\;C:\Program Files (x86)\Microsoft ASP.NET\ASP.NET Web Pages\v1.0\;C:\Program Files (x86)\Windows Kits\8.0\Windows Performance Toolkit\;C:\Program Files\Git\cmd;D:\Java\bin;C:\Users\44764\AppData\Local\Microsoft\WindowsApps;;D:\VSCode\Microsoft VS Code\bin;."/>
    <property name="java.vm.info" value="mixed mode"/>
    <property name="java.vendor" value="Oracle Corporation"/>
    <property name="java.vm.version" value="25.331-b09"/>
    <property name="java.ext.dirs" value="D:\Java\java18\jre\lib\ext;C:\WINDOWS\Sun\Java\lib\ext"/>
    <property name="sun.io.unicode.encoding" value="UnicodeLittle"/>
    <property name="maven.repo.local" value="D:\localrepo"/>
    <property name="java.class.version" value="52.0"/>
  </properties>
  <testcase name="addTest" classname="com.woniuxy.canteen.OrderTest" time="2.267"/>
  <testcase name="listTest" classname="com.woniuxy.canteen.OrderTest" time="0.131"/>
</testsuite>